<?xml version="1.0" encoding="UTF-8" ?>
<testsuites>
 <testsuite name="Master3_Login_script" package="DentsPly.suite" timestamp="2022-03-01 14:55:14.717 +0530"
 tests="1"  failures="2" errors="0" time="73.539000">
  <properties>
   <property name="RunDate" value="2022-03-01 14:55:14.717 +0530"/>
   <property name="Status" value="Failure"/>
  </properties>
  <testcase name="Master3_Login.script" assertions="1" status="failure"  time="73.527">
    <failure type="FAILURE" message="FailedToFindElement: Couldn't find element identified by {webCssSelector:&quot;body > header > div > div > div:nth-child(1) > div > div.ds-navbar-nav > div:nth-child(2) > div > div:nth-child(2) > div > a > span&quot;} -- Response code 404 received from Selenium Server. {&quot;error&quot;: &quot;no such element&quot;,&quot;message&quot;: &quot;no such element: Unable to locate element: {&quot;method&quot;:&quot;css selector&quot;,&quot;selector&quot;:&quot;body > header > div > div > div:nth-child(1) > div > div.ds-navbar-nav > div:nth-child(2) > div > div:nth-child(2) > div > a > span&quot;}&quot;}. -- Execution Time 0:01:13 Master3_Login.script" />
    <failure type="FAILURE" message="FailedToFindElement: Couldn't find element identified by {webCssSelector:&quot;body > header > div > div > div:nth-child(1) > div > div.ds-navbar-nav > div:nth-child(2) > div > div:nth-child(2) > div > a > span&quot;} -- Response code 404 received from Selenium Server. {&quot;error&quot;: &quot;no such element&quot;,&quot;message&quot;: &quot;no such element: Unable to locate element: {&quot;method&quot;:&quot;css selector&quot;,&quot;selector&quot;:&quot;body > header > div > div > div:nth-child(1) > div > div.ds-navbar-nav > div:nth-child(2) > div > div:nth-child(2) > div > a > span&quot;}&quot;}. -- Execution Time 0:01:13 Master3_Login.script" />
  </testcase>
 </testsuite>
</testsuites>
