<?xml version="1.0" encoding="UTF-8" ?>
<testsuites>
 <testsuite name="Master3_Login_script" package="DentsPly.suite" timestamp="2022-03-01 14:34:31.921 +0530"
 tests="1"  failures="2" errors="0" time="163.269000">
  <properties>
   <property name="RunDate" value="2022-03-01 14:34:31.921 +0530"/>
   <property name="Status" value="Failure"/>
  </properties>
  <testcase name="Master3_Login.script" assertions="1" status="failure"  time="163.253">
    <failure type="FAILURE" message="SetUrlError: com.appium.selenium code=-2 description=Response code 500 received from Selenium Server. {&quot;error&quot;: &quot;chrome not reachable&quot;,&quot;message&quot;: &quot;chrome not reachable&quot;}. -- Execution Time 0:02:43 Master3_Login.script" />
    <failure type="FAILURE" message="SetUrlError: com.appium.selenium code=-2 description=Response code 500 received from Selenium Server. {&quot;error&quot;: &quot;chrome not reachable&quot;,&quot;message&quot;: &quot;chrome not reachable&quot;}. -- Screenshot unavailable -- Execution Time 0:02:43 Master3_Login.script" />
  </testcase>
 </testsuite>
</testsuites>
